                               8          0.7248               0          0.0714          0.2038      0.16028068     -0.14488121     0.015399464
                             8.2           0.722               0           0.073           0.205       0.1605321     -0.14432145     0.016210647
                             8.4          0.7204               0          0.0772          0.2024      0.16104613     -0.14400553     0.017040605
                             8.6          0.7136               0          0.0804           0.206       0.1605348     -0.14264528     0.017889519
                             8.8          0.7134               0          0.0812          0.2054      0.16136651     -0.14260612      0.01876039
                               9           0.708               0           0.081           0.211      0.16117217     -0.14152264      0.01964953
                             9.2          0.7024               0          0.0828          0.2148      0.16096148     -0.14040143     0.020560052
                             9.4          0.6964               0           0.085          0.2186      0.16069149     -0.13920047     0.021491026
                             9.6          0.6916               0          0.0884            0.22      0.16068222     -0.13824166     0.022440558
                             9.8           0.694               0          0.0886          0.2174      0.16213285     -0.13872334     0.023409508
                              10           0.688               0          0.0918          0.2202      0.16192309     -0.13752358     0.024399508
                            10.2          0.6844               0          0.0954          0.2202      0.16221586     -0.13680574     0.025410127
                            10.4          0.6808               0          0.0972           0.222      0.16252522     -0.13608573     0.026439491
                            10.6           0.684               0          0.0956          0.2204      0.16421529     -0.13672574     0.027489553
                            10.8          0.6818               0          0.0926          0.2256      0.16484126     -0.13628081     0.028560447
                              11          0.6838               0          0.0956          0.2206      0.16633534     -0.13668562     0.029649725
                            11.2          0.6774               0          0.1014          0.2212      0.16616871     -0.13540873     0.030759984
                            11.4          0.6758               0          0.1092           0.215      0.16698677     -0.13509713     0.031889646
                            11.6           0.678               0          0.1086          0.2134      0.16857797     -0.13553773     0.033040238
                            11.8          0.6758               0           0.108          0.2162      0.16930536     -0.13509569     0.034209672
                              12           0.676               0           0.108           0.216      0.17053543     -0.13513581     0.035399618
                            12.2          0.6658               0          0.1122           0.222      0.16970522     -0.13309472     0.036610499
                            12.4           0.666               0           0.109           0.225      0.17097174       -0.133131     0.037840743
                            12.6          0.6622               0          0.1142          0.2236      0.17146483     -0.13237496     0.039089872
                            12.8          0.6584               0          0.1178          0.2238       0.1719766     -0.13161699     0.040359609
                              13           0.656               0          0.1204          0.2236      0.17278816     -0.13113867     0.041649494
                            13.2          0.6516               0          0.1202          0.2282      0.17321524     -0.13025579     0.042959454
                            13.4          0.6476               0           0.122          0.2304      0.17374549     -0.12945554     0.044289946
                            13.6          0.6436               0          0.1278          0.2286      0.17429948      -0.1286601     0.045639386
                            13.8           0.645               0          0.1222          0.2328      0.17594375     -0.12893422      0.04700953
                              14          0.6432               0           0.126          0.2308      0.17697777      -0.1285777     0.048400073
                            14.2          0.6402               0          0.1274          0.2324      0.17778768     -0.12797758     0.049810106
                            14.4            0.64               0           0.127           0.233      0.17917649     -0.12793698     0.051239517
                            14.6          0.6424               0           0.125          0.2326      0.18110542     -0.12841602     0.052689405
                            14.8           0.644               0           0.125           0.231       0.1828981     -0.12873698     0.054161118
                              15           0.642               0           0.124           0.234      0.18398579     -0.12833458     0.055651217
                            15.2          0.6384               0          0.1268          0.2348      0.18477512     -0.12761577     0.057159341
                            15.4          0.6374               0          0.1308          0.2318      0.18610933     -0.12741997     0.058689359
                            15.6          0.6338               0          0.1336          0.2326       0.1869413     -0.12670117     0.060240132
                            15.8          0.6316               0          0.1376          0.2308      0.18807405     -0.12626465     0.061809405
                              16          0.6318               0          0.1396          0.2286      0.18970711     -0.12630717     0.063399945
                            16.2          0.6284               0           0.143          0.2286      0.19063873     -0.12562921     0.065009524
                            16.4          0.6292               0          0.1422          0.2286      0.19242845     -0.12578873     0.066639722
                            16.6           0.628               0          0.1472          0.2248      0.19384335     -0.12555401     0.068289348
                            16.8          0.6254               0          0.1506           0.224      0.19499651     -0.12503652     0.069959991
                              17          0.6204               0          0.1526           0.227      0.19568602     -0.12403592     0.071650103
                            17.2          0.6182               0          0.1522          0.2296      0.19695341     -0.12359412     0.073359292
                            17.4           0.616               0          0.1528          0.2312      0.19824411     -0.12315351     0.075090599
                            17.6          0.6178               0          0.1562           0.226      0.20035988     -0.12351868       0.0768412
                            17.8           0.618               0           0.157           0.225       0.2021696     -0.12355976     0.078609845
                              18          0.6184               0          0.1586           0.223      0.20404171     -0.12364192     0.080399794
                            18.2          0.6188               0          0.1588          0.2224      0.20593166      -0.1237224     0.082209263
                            18.4          0.6208               0          0.1556          0.2236      0.20815905     -0.12411976     0.084039289
                            18.6          0.6188               0          0.1558          0.2254      0.20960928      -0.1237188     0.085890488
                            18.8          0.6174               0          0.1528          0.2298      0.21119364     -0.12343436     0.087759287
                              19          0.6168               0          0.1526          0.2306      0.21296366     -0.12331376     0.089649903
                            19.2          0.6164               0           0.153          0.2306      0.21479371     -0.12323399     0.091559717
                            19.4          0.6174               0          0.1504          0.2322      0.21692071     -0.12343148     0.093489231
                            19.6          0.6182               0          0.1518            0.23      0.21903489     -0.12359364     0.095441255
                            19.8          0.6196               0          0.1534           0.227       0.2212862      -0.1238764       0.0974098
                              20          0.6176               0          0.1556          0.2268      0.22287731     -0.12347784     0.099399478
                            20.2          0.6146               0           0.153          0.2324        0.224283     -0.12287291      0.10141009
                            20.4           0.613               0          0.1532          0.2338      0.22599269     -0.12255219       0.1034405
                            20.6           0.614               0          0.1562          0.2298      0.22824582     -0.12275639      0.10548942
                            20.8           0.614               0          0.1578          0.2282      0.23031765     -0.12275831      0.10755933
                              21          0.6136               0          0.1594           0.227      0.23232968     -0.12267999      0.10964969
                            21.2          0.6114               0          0.1582          0.2304      0.23399662     -0.12223723      0.11175939
                            21.4          0.6108               0           0.159          0.2302      0.23600707     -0.12211783      0.11388924
                            21.6          0.6078               0          0.1598          0.2324      0.23755849     -0.12151699       0.1160415
                            21.8           0.606               0          0.1604          0.2336      0.23936589     -0.12115663      0.11820926
                              22          0.6076               0          0.1612          0.2312      0.24187788     -0.12147855      0.12039933
                            22.2          0.6038               0          0.1608          0.2354      0.24332548     -0.12071578       0.1226097
                            22.4          0.6028               0          0.1616          0.2356      0.24535556     -0.12051614      0.12483942
                            22.6           0.602               0          0.1618          0.2362      0.24744502      -0.1203559      0.12708911
                            22.8           0.601               0          0.1606          0.2384      0.24951462     -0.12015386      0.12936076
                              23             0.6               0          0.1618          0.2382      0.25160393      -0.1199547      0.13164923
                            23.2           0.599               0          0.1634          0.2376       0.2537176     -0.11975602      0.13396158
                            23.4          0.5984               0           0.164          0.2376      0.25592643     -0.11963638      0.13629005
                            23.6          0.5956               0          0.1668          0.2376      0.25771758     -0.11907806      0.13863952
                            23.8          0.5936               0          0.1682          0.2382       0.2596882     -0.11867853      0.14100966
                              24          0.5938               0           0.166          0.2402       0.2621168     -0.11871601      0.14340079
                            24.2           0.591               0          0.1682          0.2408      0.26396726     -0.11815697      0.14581029
                            24.4          0.5906               0          0.1706          0.2388      0.26631872     -0.11807961      0.14823911
                            24.6          0.5892               0           0.173          0.2378      0.26849263     -0.11780165      0.15069098
                            24.8          0.5886               0          0.1728          0.2386      0.27084065     -0.11768105       0.1531596
                              25          0.5858               0          0.1732           0.241      0.27276887     -0.11711985      0.15564903
                            25.2          0.5838               0          0.1742           0.242      0.27487922     -0.11671985      0.15815938
                            25.4          0.5834               0          0.1726           0.244      0.27732723     -0.11663769      0.16068954
                            25.6          0.5806               0          0.1794            0.24      0.27932342     -0.11608416      0.16323926
                            25.8           0.581               0          0.1806          0.2384      0.28197482     -0.11616584      0.16580898
                              26          0.5792               0           0.179          0.2418      0.28420284     -0.11580284          0.1684
                            26.2          0.5784               0          0.1842          0.2374      0.28665903      -0.1156486      0.17101043
                            26.4          0.5766               0           0.182          0.2414      0.28892401     -0.11528488      0.17363913
                            26.6          0.5764               0          0.1832          0.2404      0.29153651      -0.1152462      0.17629032
                            26.8           0.576               0          0.1756          0.2484      0.29411717     -0.11515684      0.17896033
                              27          0.5756               0          0.1816          0.2428      0.29673274      -0.1150838      0.18164895
                            27.2          0.5766               0          0.1796          0.2438      0.29964112       -0.115282      0.18435912
                            27.4          0.5768               0           0.181          0.2422      0.30241336      -0.1153238      0.18708956
                            27.6          0.5754               0           0.186          0.2386      0.30488839     -0.11504896      0.18983944
                            27.8          0.5762               0           0.174          0.2498      0.30780408     -0.11519504      0.19260904
                              28          0.5766               0          0.1862          0.2372      0.31068868     -0.11528992      0.19539876
                            28.2          0.5762               0          0.1736          0.2502      0.31340435     -0.11519456      0.19820979
                            28.4           0.575           0.425               0               0      0.23104131    -0.030000135      0.20104117
                            28.6          0.5736          0.4264               0               0      0.23332903    -0.029440132       0.2038889
                            28.8          0.5744          0.4256               0               0       0.2365218    -0.029760134      0.20676167
                              29          0.5752          0.4248               0               0       0.2397289    -0.030080135      0.20964877
                            29.2           0.575           0.425               0               0      0.24256127    -0.030000135      0.21256113
                            29.4          0.5756          0.4244               0               0      0.24573021    -0.030240136      0.21549007
                            29.6          0.5764          0.4236               0               0      0.24899904    -0.030560138       0.2184389
                            29.8          0.5748          0.4252               0               0      0.25132932    -0.029920135      0.22140918
                              30          0.5716          0.4284               0               0      0.25303995    -0.028640129      0.22439982
                            30.2          0.5712          0.4288               0               0      0.25589022    -0.028480128      0.22741009
                            30.4          0.5692          0.4308               0               0      0.25812015    -0.027680125      0.23044003
                            30.6           0.571           0.429               0               0      0.26188968    -0.028400128      0.23348955
                            30.8           0.571           0.429               0               0      0.26495885    -0.028400128      0.23655872
                              31          0.5722          0.4278               0               0      0.26852917     -0.02888013      0.23964904
                            31.2          0.5698          0.4302               0               0       0.2706811    -0.027920126      0.24276097
                            31.4          0.5684          0.4316               0               0      0.27325012    -0.027360123         0.24589
                            31.6           0.568           0.432               0               0      0.27623892    -0.027200122      0.24903879
                            31.8          0.5678          0.4322               0               0       0.2793329    -0.027120122      0.25221277
                              32          0.5672          0.4328               0               0      0.28227896    -0.026880121      0.25539884
