                               8           0.731               0          0.0664          0.2026       0.1615183     -0.14611884     0.015399462
                               9          0.7056               0          0.0812          0.2132      0.16069087     -0.14104134     0.019649535
                              10          0.6996               0          0.0898          0.2106      0.16424756     -0.13984805       0.0243995
                              11          0.6836               0          0.0986          0.2178      0.16629873       -0.136649     0.029649726
                              12          0.6714               0          0.1048          0.2238      0.16960873     -0.13420911     0.035399618
                              13          0.6528               0          0.1142           0.233      0.17213872     -0.13048922     0.041649496
                              14          0.6414               0          0.1242          0.2344      0.17661444     -0.12821437     0.048400072
                              15           0.635               0          0.1292          0.2358      0.18258773     -0.12693653     0.055651204
                              16          0.6296               0          0.1314           0.239      0.18925587     -0.12585592     0.063399945
                              17          0.6206               0          0.1438          0.2356       0.1957155     -0.12406539     0.071650105
                              18          0.6154               0          0.1484          0.2362      0.20342759     -0.12302779     0.080399795
                              19          0.6092               0          0.1546          0.2362       0.2114414     -0.12179151     0.089649898
                              20          0.6046               0           0.148          0.2474      0.22026032     -0.12086082     0.099399496
                              21          0.5962               0          0.1616          0.2422      0.22884179      -0.1191921       0.1096497
                              22          0.5944               0          0.1568          0.2488       0.2392246     -0.11882525      0.12039935
                              23          0.5922               0          0.1614          0.2464      0.25003868     -0.11838945      0.13164923
                              24           0.582               0          0.1642          0.2538      0.25974746     -0.11634669      0.14340078
                              25           0.583               0            0.17           0.247      0.27220327     -0.11655425      0.15564902
                              26            0.59               0          0.1642          0.2458      0.28635149     -0.11795149          0.1684
                              27           0.585               0           0.171           0.244      0.29860559     -0.11695665      0.18164894
                              28          0.5812               0           0.175          0.2438      0.31159792     -0.11619916      0.19539875
                              29          0.5788          0.4212               0               0      0.24116888    -0.031520122      0.20964876
                              30          0.5714          0.4286               0               0      0.25295993     -0.02856011      0.22439982
                              31          0.5742          0.4258               0               0      0.26932916    -0.029680114      0.23964904
                              32          0.5708          0.4292               0               0      0.28371895    -0.028320108      0.25539884
